  camera.cpp
d:\github\advanced-games-programing\t18\t18e01\camera.cpp(12): warning C4244: '=': conversion from 'double' to 'float', possible loss of data
d:\github\advanced-games-programing\t18\t18e01\camera.cpp(13): warning C4244: '=': conversion from 'double' to 'float', possible loss of data
d:\github\advanced-games-programing\t18\t18e01\camera.cpp(14): warning C4244: '=': conversion from 'double' to 'float', possible loss of data
d:\github\advanced-games-programing\t18\t18e01\camera.cpp(33): warning C4244: '=': conversion from 'double' to 'float', possible loss of data
d:\github\advanced-games-programing\t18\t18e01\camera.cpp(39): warning C4244: '=': conversion from 'double' to 'float', possible loss of data
d:\github\advanced-games-programing\t18\t18e01\camera.cpp(40): warning C4244: '=': conversion from 'double' to 'float', possible loss of data
d:\github\advanced-games-programing\t18\t18e01\camera.cpp(94): warning C4244: '=': conversion from 'double' to 'float', possible loss of data
d:\github\advanced-games-programing\t18\t18e01\camera.cpp(95): warning C4244: '=': conversion from 'double' to 'float', possible loss of data
d:\github\advanced-games-programing\t18\t18e01\camera.cpp(96): warning C4244: '=': conversion from 'double' to 'float', possible loss of data
  DirectInput.cpp
  c:\program files (x86)\windows kits\10\include\10.0.16299.0\um\dinput.h: DIRECTINPUT_VERSION undefined. Defaulting to version 0x0800
  LightManager.cpp
d:\github\advanced-games-programing\t18\t18e01\lightmanager.cpp(35): warning C4018: '<': signed/unsigned mismatch
d:\github\advanced-games-programing\t18\t18e01\lightmanager.cpp(43): warning C4018: '<': signed/unsigned mismatch
d:\github\advanced-games-programing\t18\t18e01\lightmanager.cpp(51): warning C4018: '<': signed/unsigned mismatch
d:\github\advanced-games-programing\t18\t18e01\lightmanager.cpp(63): warning C4018: '<': signed/unsigned mismatch
d:\github\advanced-games-programing\t18\t18e01\lightmanager.cpp(71): warning C4018: '<': signed/unsigned mismatch
d:\github\advanced-games-programing\t18\t18e01\lightmanager.cpp(83): warning C4018: '<': signed/unsigned mismatch
d:\github\advanced-games-programing\t18\t18e01\lightmanager.cpp(90): warning C4018: '<': signed/unsigned mismatch
d:\github\advanced-games-programing\t18\t18e01\lightmanager.cpp(97): warning C4018: '<': signed/unsigned mismatch
d:\github\advanced-games-programing\t18\t18e01\lightmanager.cpp(109): warning C4018: '<': signed/unsigned mismatch
d:\github\advanced-games-programing\t18\t18e01\lightmanager.cpp(117): warning C4018: '<': signed/unsigned mismatch
  main.cpp
  c:\program files (x86)\windows kits\10\include\10.0.16299.0\um\dinput.h: DIRECTINPUT_VERSION undefined. Defaulting to version 0x0800
d:\github\advanced-games-programing\t18\t18e01\main.cpp(329): warning C4244: '=': conversion from 'float' to 'UINT', possible loss of data
d:\github\advanced-games-programing\t18\t18e01\main.cpp(330): warning C4244: '=': conversion from 'float' to 'UINT', possible loss of data
d:\github\advanced-games-programing\t18\t18e01\main.cpp(344): warning C4244: '=': conversion from 'float' to 'UINT', possible loss of data
d:\github\advanced-games-programing\t18\t18e01\main.cpp(345): warning C4244: '=': conversion from 'float' to 'UINT', possible loss of data
d:\github\advanced-games-programing\t18\t18e01\main.cpp(758): warning C4018: '<': signed/unsigned mismatch
  Model.cpp
d:\github\advanced-games-programing\t18\t18e01\model.cpp(345): warning C4244: '=': conversion from 'double' to 'float', possible loss of data
d:\github\advanced-games-programing\t18\t18e01\model.cpp(355): warning C4244: '=': conversion from 'double' to 'float', possible loss of data
d:\github\advanced-games-programing\t18\t18e01\model.cpp(356): warning C4244: '=': conversion from 'double' to 'float', possible loss of data
d:\github\advanced-games-programing\t18\t18e01\model.cpp(361): warning C4244: '+=': conversion from 'double' to 'float', possible loss of data
d:\github\advanced-games-programing\t18\t18e01\model.cpp(362): warning C4244: '+=': conversion from 'double' to 'float', possible loss of data
d:\github\advanced-games-programing\t18\t18e01\model.cpp(367): warning C4244: '+=': conversion from 'double' to 'float', possible loss of data
d:\github\advanced-games-programing\t18\t18e01\model.cpp(368): warning C4244: '+=': conversion from 'double' to 'float', possible loss of data
d:\github\advanced-games-programing\t18\t18e01\model.cpp(369): warning C4244: '+=': conversion from 'double' to 'float', possible loss of data
d:\github\advanced-games-programing\t18\t18e01\model.cpp(433): warning C4018: '<': signed/unsigned mismatch
d:\github\advanced-games-programing\t18\t18e01\model.cpp(467): warning C4018: '<': signed/unsigned mismatch
  objfilemodel.cpp
  ParticleGenerator.cpp
d:\github\advanced-games-programing\t18\t18e01\particlegenerator.cpp(191): warning C4305: 'argument': truncation from 'double' to 'FLOAT'
d:\github\advanced-games-programing\t18\t18e01\particlegenerator.cpp(342): warning C4244: '=': conversion from 'double' to 'float', possible loss of data
d:\github\advanced-games-programing\t18\t18e01\particlegenerator.cpp(352): warning C4244: '=': conversion from 'double' to 'float', possible loss of data
d:\github\advanced-games-programing\t18\t18e01\particlegenerator.cpp(353): warning C4244: '=': conversion from 'double' to 'float', possible loss of data
d:\github\advanced-games-programing\t18\t18e01\particlegenerator.cpp(358): warning C4244: '+=': conversion from 'double' to 'float', possible loss of data
d:\github\advanced-games-programing\t18\t18e01\particlegenerator.cpp(359): warning C4244: '+=': conversion from 'double' to 'float', possible loss of data
d:\github\advanced-games-programing\t18\t18e01\particlegenerator.cpp(365): warning C4244: '+=': conversion from 'double' to 'float', possible loss of data
d:\github\advanced-games-programing\t18\t18e01\particlegenerator.cpp(366): warning C4244: '+=': conversion from 'double' to 'float', possible loss of data
d:\github\advanced-games-programing\t18\t18e01\particlegenerator.cpp(367): warning C4244: '+=': conversion from 'double' to 'float', possible loss of data
  ReflectionModel.cpp
d:\github\advanced-games-programing\t18\t18e01\reflectionmodel.cpp(205): warning C4244: '=': conversion from 'double' to 'float', possible loss of data
d:\github\advanced-games-programing\t18\t18e01\reflectionmodel.cpp(215): warning C4244: '=': conversion from 'double' to 'float', possible loss of data
d:\github\advanced-games-programing\t18\t18e01\reflectionmodel.cpp(216): warning C4244: '=': conversion from 'double' to 'float', possible loss of data
d:\github\advanced-games-programing\t18\t18e01\reflectionmodel.cpp(221): warning C4244: '+=': conversion from 'double' to 'float', possible loss of data
d:\github\advanced-games-programing\t18\t18e01\reflectionmodel.cpp(222): warning C4244: '+=': conversion from 'double' to 'float', possible loss of data
d:\github\advanced-games-programing\t18\t18e01\reflectionmodel.cpp(228): warning C4244: '+=': conversion from 'double' to 'float', possible loss of data
d:\github\advanced-games-programing\t18\t18e01\reflectionmodel.cpp(229): warning C4244: '+=': conversion from 'double' to 'float', possible loss of data
d:\github\advanced-games-programing\t18\t18e01\reflectionmodel.cpp(230): warning C4244: '+=': conversion from 'double' to 'float', possible loss of data
d:\github\advanced-games-programing\t18\t18e01\reflectionmodel.cpp(295): warning C4018: '<': signed/unsigned mismatch
d:\github\advanced-games-programing\t18\t18e01\reflectionmodel.cpp(329): warning C4018: '<': signed/unsigned mismatch
  SceneNode.cpp
d:\github\advanced-games-programing\t18\t18e01\scenenode.cpp(87): warning C4018: '<': signed/unsigned mismatch
d:\github\advanced-games-programing\t18\t18e01\scenenode.cpp(117): warning C4018: '<': signed/unsigned mismatch
d:\github\advanced-games-programing\t18\t18e01\scenenode.cpp(220): warning C4244: '=': conversion from 'double' to 'float', possible loss of data
d:\github\advanced-games-programing\t18\t18e01\scenenode.cpp(254): warning C4244: '=': conversion from 'double' to 'float', possible loss of data
d:\github\advanced-games-programing\t18\t18e01\scenenode.cpp(255): warning C4244: '=': conversion from 'double' to 'float', possible loss of data
d:\github\advanced-games-programing\t18\t18e01\scenenode.cpp(281): warning C4244: '+=': conversion from 'double' to 'float', possible loss of data
d:\github\advanced-games-programing\t18\t18e01\scenenode.cpp(282): warning C4244: '+=': conversion from 'double' to 'float', possible loss of data
d:\github\advanced-games-programing\t18\t18e01\scenenode.cpp(309): warning C4244: '+=': conversion from 'double' to 'float', possible loss of data
d:\github\advanced-games-programing\t18\t18e01\scenenode.cpp(310): warning C4244: '+=': conversion from 'double' to 'float', possible loss of data
d:\github\advanced-games-programing\t18\t18e01\scenenode.cpp(311): warning C4244: '+=': conversion from 'double' to 'float', possible loss of data
d:\github\advanced-games-programing\t18\t18e01\scenenode.cpp(378): warning C4018: '<': signed/unsigned mismatch
d:\github\advanced-games-programing\t18\t18e01\scenenode.cpp(424): warning C4018: '<': signed/unsigned mismatch
d:\github\advanced-games-programing\t18\t18e01\scenenode.cpp(431): warning C4018: '<': signed/unsigned mismatch
  SkyBox.cpp
  text2D.cpp
  Generating Code...
  T18E01.vcxproj -> D:\GitHub\Advanced-Games-Programing\T18\T18E01\Debug\T18E01.exe
