  SceneNode.cpp
d:\github\advanced-games-programing\cgp600 - ae2\cgp600 - ae2 - copy\scenenode.cpp(88): warning C4018: '<': signed/unsigned mismatch
d:\github\advanced-games-programing\cgp600 - ae2\cgp600 - ae2 - copy\scenenode.cpp(118): warning C4018: '<': signed/unsigned mismatch
d:\github\advanced-games-programing\cgp600 - ae2\cgp600 - ae2 - copy\scenenode.cpp(239): warning C4244: '=': conversion from 'double' to 'float', possible loss of data
d:\github\advanced-games-programing\cgp600 - ae2\cgp600 - ae2 - copy\scenenode.cpp(274): warning C4244: '=': conversion from 'double' to 'float', possible loss of data
d:\github\advanced-games-programing\cgp600 - ae2\cgp600 - ae2 - copy\scenenode.cpp(275): warning C4244: '=': conversion from 'double' to 'float', possible loss of data
d:\github\advanced-games-programing\cgp600 - ae2\cgp600 - ae2 - copy\scenenode.cpp(302): warning C4244: '+=': conversion from 'double' to 'float', possible loss of data
d:\github\advanced-games-programing\cgp600 - ae2\cgp600 - ae2 - copy\scenenode.cpp(303): warning C4244: '+=': conversion from 'double' to 'float', possible loss of data
d:\github\advanced-games-programing\cgp600 - ae2\cgp600 - ae2 - copy\scenenode.cpp(339): warning C4244: '+=': conversion from 'double' to 'float', possible loss of data
d:\github\advanced-games-programing\cgp600 - ae2\cgp600 - ae2 - copy\scenenode.cpp(340): warning C4244: '+=': conversion from 'double' to 'float', possible loss of data
d:\github\advanced-games-programing\cgp600 - ae2\cgp600 - ae2 - copy\scenenode.cpp(341): warning C4244: '+=': conversion from 'double' to 'float', possible loss of data
d:\github\advanced-games-programing\cgp600 - ae2\cgp600 - ae2 - copy\scenenode.cpp(422): warning C4018: '<': signed/unsigned mismatch
d:\github\advanced-games-programing\cgp600 - ae2\cgp600 - ae2 - copy\scenenode.cpp(437): warning C4018: '<': signed/unsigned mismatch
d:\github\advanced-games-programing\cgp600 - ae2\cgp600 - ae2 - copy\scenenode.cpp(473): warning C4018: '<': signed/unsigned mismatch
d:\github\advanced-games-programing\cgp600 - ae2\cgp600 - ae2 - copy\scenenode.cpp(480): warning C4018: '<': signed/unsigned mismatch
d:\github\advanced-games-programing\cgp600 - ae2\cgp600 - ae2 - copy\scenenode.cpp(500): warning C4018: '<': signed/unsigned mismatch
d:\github\advanced-games-programing\cgp600 - ae2\cgp600 - ae2 - copy\scenenode.cpp(529): warning C4244: '+=': conversion from 'double' to 'float', possible loss of data
d:\github\advanced-games-programing\cgp600 - ae2\cgp600 - ae2 - copy\scenenode.cpp(530): warning C4244: '+=': conversion from 'double' to 'float', possible loss of data
d:\github\advanced-games-programing\cgp600 - ae2\cgp600 - ae2 - copy\scenenode.cpp(531): warning C4244: '+=': conversion from 'double' to 'float', possible loss of data
  CGP6002.vcxproj -> D:\GitHub\Advanced-Games-Programing\CGP600 - AE2\CGP600 - AE2 - Copy\Debug\CGP6002.exe
