c:\users\1khans16\downloads\advanced-games-programing\t15\t15e01\debug\vc141.pdb
c:\users\1khans16\downloads\advanced-games-programing\t15\t15e01\debug\vc141.idb
c:\users\1khans16\downloads\advanced-games-programing\t15\t15e01\debug\text2d.obj
c:\users\1khans16\downloads\advanced-games-programing\t15\t15e01\debug\skybox.obj
c:\users\1khans16\downloads\advanced-games-programing\t15\t15e01\debug\reflectionmodel.obj
c:\users\1khans16\downloads\advanced-games-programing\t15\t15e01\debug\objfilemodel.obj
c:\users\1khans16\downloads\advanced-games-programing\t15\t15e01\debug\model.obj
c:\users\1khans16\downloads\advanced-games-programing\t15\t15e01\debug\main.obj
c:\users\1khans16\downloads\advanced-games-programing\t15\t15e01\debug\lightmanager.obj
c:\users\1khans16\downloads\advanced-games-programing\t15\t15e01\debug\directinput.obj
c:\users\1khans16\downloads\advanced-games-programing\t15\t15e01\debug\camera.obj
c:\users\1khans16\downloads\advanced-games-programing\t15\t15e01\debug\particlegenerator.obj
c:\users\1khans16\downloads\advanced-games-programing\t15\t15e01\debug\t15e01.exe
c:\users\1khans16\downloads\advanced-games-programing\t15\t15e01\debug\t15e01.ilk
c:\users\1khans16\downloads\advanced-games-programing\t15\t15e01\debug\t15e01.pdb
c:\users\1khans16\downloads\advanced-games-programing\t15\t15e01\debug\t15e01.tlog\cl.command.1.tlog
c:\users\1khans16\downloads\advanced-games-programing\t15\t15e01\debug\t15e01.tlog\cl.read.1.tlog
c:\users\1khans16\downloads\advanced-games-programing\t15\t15e01\debug\t15e01.tlog\cl.write.1.tlog
c:\users\1khans16\downloads\advanced-games-programing\t15\t15e01\debug\t15e01.tlog\link.command.1.tlog
c:\users\1khans16\downloads\advanced-games-programing\t15\t15e01\debug\t15e01.tlog\link.read.1.tlog
c:\users\1khans16\downloads\advanced-games-programing\t15\t15e01\debug\t15e01.tlog\link.write.1.tlog
