d:\github\advanced-games-programing\t17\t17e01\debug\vc141.pdb
d:\github\advanced-games-programing\t17\t17e01\debug\vc141.idb
d:\github\advanced-games-programing\t17\t17e01\debug\text2d.obj
d:\github\advanced-games-programing\t17\t17e01\debug\skybox.obj
d:\github\advanced-games-programing\t17\t17e01\debug\scenenode.obj
d:\github\advanced-games-programing\t17\t17e01\debug\reflectionmodel.obj
d:\github\advanced-games-programing\t17\t17e01\debug\particlegenerator.obj
d:\github\advanced-games-programing\t17\t17e01\debug\objfilemodel.obj
d:\github\advanced-games-programing\t17\t17e01\debug\model.obj
d:\github\advanced-games-programing\t17\t17e01\debug\main.obj
d:\github\advanced-games-programing\t17\t17e01\debug\lightmanager.obj
d:\github\advanced-games-programing\t17\t17e01\debug\directinput.obj
d:\github\advanced-games-programing\t17\t17e01\debug\camera.obj
d:\github\advanced-games-programing\t17\t17e01\debug\t17e01.exe
d:\github\advanced-games-programing\t17\t17e01\debug\t17e01.ilk
d:\github\advanced-games-programing\t17\t17e01\debug\t17e01.pdb
d:\github\advanced-games-programing\t17\t17e01\debug\t17e01.tlog\cl.command.1.tlog
d:\github\advanced-games-programing\t17\t17e01\debug\t17e01.tlog\cl.read.1.tlog
d:\github\advanced-games-programing\t17\t17e01\debug\t17e01.tlog\cl.write.1.tlog
d:\github\advanced-games-programing\t17\t17e01\debug\t17e01.tlog\link.command.1.tlog
d:\github\advanced-games-programing\t17\t17e01\debug\t17e01.tlog\link.read.1.tlog
d:\github\advanced-games-programing\t17\t17e01\debug\t17e01.tlog\link.write.1.tlog
